{"/Users/nhatnam/Documents/NodeJS/app.js": {"path":"/Users/nhatnam/Documents/NodeJS/app.js","statementMap":{"0":{"start":{"line":1,"column":16},"end":{"line":1,"column":34}},"1":{"start":{"line":2,"column":19},"end":{"line":2,"column":49}},"2":{"start":{"line":3,"column":12},"end":{"line":3,"column":21}},"3":{"start":{"line":5,"column":0},"end":{"line":5,"column":24}},"4":{"start":{"line":6,"column":0},"end":{"line":6,"column":34}},"5":{"start":{"line":9,"column":0},"end":{"line":14,"column":1}},"6":{"start":{"line":10,"column":15},"end":{"line":10,"column":39}},"7":{"start":{"line":11,"column":2},"end":{"line":13,"column":5}},"8":{"start":{"line":12,"column":4},"end":{"line":12,"column":56}},"9":{"start":{"line":16,"column":0},"end":{"line":16,"column":21}}},"fnMap":{"0":{"name":"(anonymous_0)","decl":{"start":{"line":11,"column":19},"end":{"line":11,"column":20}},"loc":{"start":{"line":11,"column":25},"end":{"line":13,"column":3}},"line":11}},"branchMap":{"0":{"loc":{"start":{"line":9,"column":0},"end":{"line":14,"column":1}},"type":"if","locations":[{"start":{"line":9,"column":0},"end":{"line":14,"column":1}},{"start":{},"end":{}}],"line":9},"1":{"loc":{"start":{"line":10,"column":15},"end":{"line":10,"column":39}},"type":"binary-expr","locations":[{"start":{"line":10,"column":15},"end":{"line":10,"column":31}},{"start":{"line":10,"column":35},"end":{"line":10,"column":39}}],"line":10}},"s":{"0":1,"1":1,"2":1,"3":1,"4":1,"5":1,"6":0,"7":0,"8":0,"9":1},"f":{"0":0},"b":{"0":[0,1],"1":[0,0]},"_coverageSchema":"1a1c01bbd47fc00a2c39e90264f33305004495a9","hash":"d1b668e58e1c45ce36a0554da77cac31b9260b1f"}
,"/Users/nhatnam/Documents/NodeJS/controllers/todoController.js": {"path":"/Users/nhatnam/Documents/NodeJS/controllers/todoController.js","statementMap":{"0":{"start":{"line":1,"column":23},"end":{"line":1,"column":38}},"1":{"start":{"line":2,"column":12},"end":{"line":2,"column":41}},"2":{"start":{"line":3,"column":11},"end":{"line":3,"column":24}},"3":{"start":{"line":4,"column":13},"end":{"line":4,"column":28}},"4":{"start":{"line":6,"column":17},"end":{"line":6,"column":59}},"5":{"start":{"line":9,"column":2},"end":{"line":9,"column":61}},"6":{"start":{"line":12,"column":0},"end":{"line":14,"column":2}},"7":{"start":{"line":13,"column":2},"end":{"line":13,"column":18}},"8":{"start":{"line":16,"column":0},"end":{"line":20,"column":2}},"9":{"start":{"line":17,"column":15},"end":{"line":17,"column":54}},"10":{"start":{"line":17,"column":31},"end":{"line":17,"column":53}},"11":{"start":{"line":18,"column":2},"end":{"line":18,"column":72}},"12":{"start":{"line":18,"column":13},"end":{"line":18,"column":72}},"13":{"start":{"line":19,"column":2},"end":{"line":19,"column":17}},"14":{"start":{"line":22,"column":0},"end":{"line":36,"column":2}},"15":{"start":{"line":23,"column":33},"end":{"line":23,"column":41}},"16":{"start":{"line":24,"column":2},"end":{"line":24,"column":76}},"17":{"start":{"line":24,"column":14},"end":{"line":24,"column":76}},"18":{"start":{"line":26,"column":18},"end":{"line":32,"column":3}},"19":{"start":{"line":33,"column":2},"end":{"line":33,"column":22}},"20":{"start":{"line":34,"column":2},"end":{"line":34,"column":14}},"21":{"start":{"line":35,"column":2},"end":{"line":35,"column":32}},"22":{"start":{"line":38,"column":0},"end":{"line":49,"column":2}},"23":{"start":{"line":39,"column":15},"end":{"line":39,"column":54}},"24":{"start":{"line":39,"column":31},"end":{"line":39,"column":53}},"25":{"start":{"line":40,"column":2},"end":{"line":40,"column":72}},"26":{"start":{"line":40,"column":13},"end":{"line":40,"column":72}},"27":{"start":{"line":42,"column":44},"end":{"line":42,"column":52}},"28":{"start":{"line":43,"column":2},"end":{"line":43,"column":46}},"29":{"start":{"line":43,"column":27},"end":{"line":43,"column":46}},"30":{"start":{"line":44,"column":2},"end":{"line":44,"column":64}},"31":{"start":{"line":44,"column":33},"end":{"line":44,"column":64}},"32":{"start":{"line":45,"column":2},"end":{"line":45,"column":58}},"33":{"start":{"line":45,"column":31},"end":{"line":45,"column":58}},"34":{"start":{"line":47,"column":2},"end":{"line":47,"column":14}},"35":{"start":{"line":48,"column":2},"end":{"line":48,"column":17}},"36":{"start":{"line":51,"column":0},"end":{"line":58,"column":2}},"37":{"start":{"line":52,"column":16},"end":{"line":52,"column":60}},"38":{"start":{"line":52,"column":37},"end":{"line":52,"column":59}},"39":{"start":{"line":53,"column":2},"end":{"line":53,"column":79}},"40":{"start":{"line":53,"column":20},"end":{"line":53,"column":79}},"41":{"start":{"line":55,"column":18},"end":{"line":55,"column":40}},"42":{"start":{"line":56,"column":2},"end":{"line":56,"column":14}},"43":{"start":{"line":57,"column":2},"end":{"line":57,"column":58}}},"fnMap":{"0":{"name":"saveTodos","decl":{"start":{"line":8,"column":9},"end":{"line":8,"column":18}},"loc":{"start":{"line":8,"column":21},"end":{"line":10,"column":1}},"line":8},"1":{"name":"(anonymous_1)","decl":{"start":{"line":12,"column":19},"end":{"line":12,"column":20}},"loc":{"start":{"line":12,"column":33},"end":{"line":14,"column":1}},"line":12},"2":{"name":"(anonymous_2)","decl":{"start":{"line":16,"column":22},"end":{"line":16,"column":23}},"loc":{"start":{"line":16,"column":36},"end":{"line":20,"column":1}},"line":16},"3":{"name":"(anonymous_3)","decl":{"start":{"line":17,"column":26},"end":{"line":17,"column":27}},"loc":{"start":{"line":17,"column":31},"end":{"line":17,"column":53}},"line":17},"4":{"name":"(anonymous_4)","decl":{"start":{"line":22,"column":21},"end":{"line":22,"column":22}},"loc":{"start":{"line":22,"column":35},"end":{"line":36,"column":1}},"line":22},"5":{"name":"(anonymous_5)","decl":{"start":{"line":38,"column":21},"end":{"line":38,"column":22}},"loc":{"start":{"line":38,"column":35},"end":{"line":49,"column":1}},"line":38},"6":{"name":"(anonymous_6)","decl":{"start":{"line":39,"column":26},"end":{"line":39,"column":27}},"loc":{"start":{"line":39,"column":31},"end":{"line":39,"column":53}},"line":39},"7":{"name":"(anonymous_7)","decl":{"start":{"line":51,"column":21},"end":{"line":51,"column":22}},"loc":{"start":{"line":51,"column":35},"end":{"line":58,"column":1}},"line":51},"8":{"name":"(anonymous_8)","decl":{"start":{"line":52,"column":32},"end":{"line":52,"column":33}},"loc":{"start":{"line":52,"column":37},"end":{"line":52,"column":59}},"line":52}},"branchMap":{"0":{"loc":{"start":{"line":18,"column":2},"end":{"line":18,"column":72}},"type":"if","locations":[{"start":{"line":18,"column":2},"end":{"line":18,"column":72}},{"start":{},"end":{}}],"line":18},"1":{"loc":{"start":{"line":24,"column":2},"end":{"line":24,"column":76}},"type":"if","locations":[{"start":{"line":24,"column":2},"end":{"line":24,"column":76}},{"start":{},"end":{}}],"line":24},"2":{"loc":{"start":{"line":29,"column":17},"end":{"line":29,"column":34}},"type":"binary-expr","locations":[{"start":{"line":29,"column":17},"end":{"line":29,"column":28}},{"start":{"line":29,"column":32},"end":{"line":29,"column":34}}],"line":29},"3":{"loc":{"start":{"line":40,"column":2},"end":{"line":40,"column":72}},"type":"if","locations":[{"start":{"line":40,"column":2},"end":{"line":40,"column":72}},{"start":{},"end":{}}],"line":40},"4":{"loc":{"start":{"line":43,"column":2},"end":{"line":43,"column":46}},"type":"if","locations":[{"start":{"line":43,"column":2},"end":{"line":43,"column":46}},{"start":{},"end":{}}],"line":43},"5":{"loc":{"start":{"line":44,"column":2},"end":{"line":44,"column":64}},"type":"if","locations":[{"start":{"line":44,"column":2},"end":{"line":44,"column":64}},{"start":{},"end":{}}],"line":44},"6":{"loc":{"start":{"line":45,"column":2},"end":{"line":45,"column":58}},"type":"if","locations":[{"start":{"line":45,"column":2},"end":{"line":45,"column":58}},{"start":{},"end":{}}],"line":45},"7":{"loc":{"start":{"line":53,"column":2},"end":{"line":53,"column":79}},"type":"if","locations":[{"start":{"line":53,"column":2},"end":{"line":53,"column":79}},{"start":{},"end":{}}],"line":53}},"s":{"0":1,"1":1,"2":1,"3":1,"4":1,"5":6,"6":1,"7":1,"8":1,"9":3,"10":11,"11":3,"12":2,"13":1,"14":1,"15":5,"16":5,"17":1,"18":4,"19":4,"20":4,"21":4,"22":1,"23":2,"24":10,"25":2,"26":1,"27":1,"28":1,"29":1,"30":1,"31":1,"32":1,"33":1,"34":1,"35":1,"36":1,"37":2,"38":11,"39":2,"40":1,"41":1,"42":1,"43":1},"f":{"0":6,"1":1,"2":3,"3":11,"4":5,"5":2,"6":10,"7":2,"8":11},"b":{"0":[2,1],"1":[1,4],"2":[4,3],"3":[1,1],"4":[1,0],"5":[1,0],"6":[1,0],"7":[1,1]},"_coverageSchema":"1a1c01bbd47fc00a2c39e90264f33305004495a9","hash":"9ef83dd041be712eb5d471204139c9f87637486a"}
,"/Users/nhatnam/Documents/NodeJS/routes/todoRoutes.js": {"path":"/Users/nhatnam/Documents/NodeJS/routes/todoRoutes.js","statementMap":{"0":{"start":{"line":1,"column":16},"end":{"line":1,"column":34}},"1":{"start":{"line":2,"column":15},"end":{"line":2,"column":31}},"2":{"start":{"line":9,"column":4},"end":{"line":9,"column":44}},"3":{"start":{"line":11,"column":0},"end":{"line":11,"column":26}},"4":{"start":{"line":12,"column":0},"end":{"line":12,"column":32}},"5":{"start":{"line":13,"column":0},"end":{"line":13,"column":29}},"6":{"start":{"line":14,"column":0},"end":{"line":14,"column":31}},"7":{"start":{"line":15,"column":0},"end":{"line":15,"column":34}},"8":{"start":{"line":17,"column":0},"end":{"line":17,"column":24}}},"fnMap":{},"branchMap":{},"s":{"0":1,"1":1,"2":1,"3":1,"4":1,"5":1,"6":1,"7":1,"8":1},"f":{},"b":{},"_coverageSchema":"1a1c01bbd47fc00a2c39e90264f33305004495a9","hash":"1ae5df0945f6de054d3d513f9c3cd883a042b6d8"}
}
