TN:
SF:app.js
FN:11,(anonymous_0)
FNF:1
FNH:0
FNDA:0,(anonymous_0)
DA:1,1
DA:2,1
DA:3,1
DA:5,1
DA:6,1
DA:9,1
DA:10,0
DA:11,0
DA:12,0
DA:16,1
LF:10
LH:7
BRDA:9,0,0,0
BRDA:9,0,1,1
BRDA:10,1,0,0
BRDA:10,1,1,0
BRF:4
BRH:1
end_of_record
TN:
SF:controllers/todoController.js
FN:8,saveTodos
FN:12,(anonymous_1)
FN:16,(anonymous_2)
FN:17,(anonymous_3)
FN:22,(anonymous_4)
FN:38,(anonymous_5)
FN:39,(anonymous_6)
FN:51,(anonymous_7)
FN:52,(anonymous_8)
FNF:9
FNH:9
FNDA:6,saveTodos
FNDA:1,(anonymous_1)
FNDA:3,(anonymous_2)
FNDA:11,(anonymous_3)
FNDA:5,(anonymous_4)
FNDA:2,(anonymous_5)
FNDA:10,(anonymous_6)
FNDA:2,(anonymous_7)
FNDA:11,(anonymous_8)
DA:1,1
DA:2,1
DA:3,1
DA:4,1
DA:6,1
DA:9,6
DA:12,1
DA:13,1
DA:16,1
DA:17,11
DA:18,3
DA:19,1
DA:22,1
DA:23,5
DA:24,5
DA:26,4
DA:33,4
DA:34,4
DA:35,4
DA:38,1
DA:39,10
DA:40,2
DA:42,1
DA:43,1
DA:44,1
DA:45,1
DA:47,1
DA:48,1
DA:51,1
DA:52,11
DA:53,2
DA:55,1
DA:56,1
DA:57,1
LF:34
LH:34
BRDA:18,0,0,2
BRDA:18,0,1,1
BRDA:24,1,0,1
BRDA:24,1,1,4
BRDA:29,2,0,4
BRDA:29,2,1,3
BRDA:40,3,0,1
BRDA:40,3,1,1
BRDA:43,4,0,1
BRDA:43,4,1,0
BRDA:44,5,0,1
BRDA:44,5,1,0
BRDA:45,6,0,1
BRDA:45,6,1,0
BRDA:53,7,0,1
BRDA:53,7,1,1
BRF:16
BRH:13
end_of_record
TN:
SF:routes/todoRoutes.js
FNF:0
FNH:0
DA:1,1
DA:2,1
DA:9,1
DA:11,1
DA:12,1
DA:13,1
DA:14,1
DA:15,1
DA:17,1
LF:9
LH:9
BRF:0
BRH:0
end_of_record
