TN:
SF:app.js
FN:6,(anonymous_0)
FN:27,(anonymous_1)
FNF:2
FNH:1
FNDA:13,(anonymous_0)
FNDA:0,(anonymous_1)
DA:1,1
DA:2,1
DA:3,1
DA:6,1
DA:7,13
DA:11,13
DA:20,1
DA:21,1
DA:22,1
DA:25,1
DA:26,0
DA:27,0
DA:28,0
DA:32,1
LF:14
LH:11
BRDA:25,0,0,0
BRDA:25,0,1,1
BRDA:26,1,0,0
BRDA:26,1,1,0
BRF:4
BRH:1
end_of_record
TN:
SF:controllers/todoController.js
FN:8,saveTodos
FN:12,(anonymous_1)
FN:16,(anonymous_2)
FN:17,(anonymous_3)
FN:22,(anonymous_4)
FN:37,(anonymous_5)
FN:38,(anonymous_6)
FN:48,(anonymous_7)
FN:49,(anonymous_8)
FNF:9
FNH:9
FNDA:6,saveTodos
FNDA:1,(anonymous_1)
FNDA:3,(anonymous_2)
FNDA:11,(anonymous_3)
FNDA:5,(anonymous_4)
FNDA:2,(anonymous_5)
FNDA:10,(anonymous_6)
FNDA:2,(anonymous_7)
FNDA:11,(anonymous_8)
DA:1,1
DA:2,1
DA:3,1
DA:4,1
DA:6,1
DA:9,6
DA:12,1
DA:13,1
DA:16,1
DA:17,11
DA:18,3
DA:19,1
DA:22,1
DA:23,5
DA:24,5
DA:26,4
DA:32,4
DA:33,4
DA:34,4
DA:37,1
DA:38,10
DA:39,2
DA:41,1
DA:42,1
DA:44,1
DA:45,1
DA:48,1
DA:49,11
DA:50,2
DA:52,1
DA:53,1
DA:54,1
LF:32
LH:32
BRDA:18,0,0,2
BRDA:18,0,1,1
BRDA:24,1,0,1
BRDA:24,1,1,4
BRDA:39,2,0,1
BRDA:39,2,1,1
BRDA:42,3,0,1
BRDA:42,3,1,0
BRDA:50,4,0,1
BRDA:50,4,1,1
BRF:10
BRH:9
end_of_record
TN:
SF:routes/todoRoutes.js
FNF:0
FNH:0
DA:1,1
DA:2,1
DA:9,1
DA:11,1
DA:12,1
DA:13,1
DA:14,1
DA:15,1
DA:17,1
LF:9
LH:9
BRF:0
BRH:0
end_of_record
